<?xml version="1.0" encoding="UTF-8"?>
<!-- Generated by org.testng.reporters.JUnitXMLReporter -->
<testsuite ignored="0" hostname="ATMECSINLT-038" failures="0" tests="9" name="Default test" time="108.389" errors="0" timestamp="13 Sep 2019 09:54:18 GMT">
  <testcase classname="com.atmecs.testScripts.TravellersDetails" name="doPageFlow" time="15.445"/>
  <testcase classname="com.atmecs.testScripts.TravellersDetails" name="doPageFlow" time="15.058"/>
  <testcase classname="com.atmecs.testScripts.TravellersDetails" name="doPageFlow" time="15.106"/>
  <testcase classname="com.atmecs.testScripts.TravellersDetails" name="doPageFlow" time="15.086"/>
  <testcase classname="com.atmecs.testScripts.TravellersDetails" name="doPageFlow" time="15.133"/>
  <testcase classname="com.atmecs.testScripts.TravellersDetails" name="reviewBookingDetails" time="20.794"/>
  <testcase classname="com.atmecs.testScripts.TravellersDetails" name="validateFlightDetails" time="0.401"/>
  <testcase classname="com.atmecs.testScripts.TravellersDetails" name="checkFunctionalyInputBoxes" time="6.092"/>
  <testcase classname="com.atmecs.testScripts.TravellersDetails" name="setPassengersData" time="4.018"/>
</testsuite> <!-- Default test -->
