<?xml version="1.0" encoding="UTF-8"?>
<!-- Generated by org.testng.reporters.JUnitXMLReporter -->
<testsuite ignored="0" hostname="ATMECSINLT-038" failures="0" tests="6" name="ChooseTest" time="116.242" errors="0" timestamp="20 Sep 2019 09:47:09 GMT">
  <testcase classname="com.atmecs.testScripts.ChooseFlight" name="correctCityValidation" time="25.717"/>
  <testcase classname="com.atmecs.testScripts.ChooseFlight" name="homePageRedirection" time="0.032"/>
  <testcase classname="com.atmecs.testScripts.ChooseFlight" name="homePageCityInput" time="18.011"/>
  <testcase classname="com.atmecs.testScripts.ChooseFlight" name="homePageCityInput" time="19.588"/>
  <testcase classname="com.atmecs.testScripts.ChooseFlight" name="homePageCityInput" time="17.638"/>
  <testcase classname="com.atmecs.testScripts.ChooseFlight" name="isHomeDataCorrect" time="8.336"/>
</testsuite> <!-- ChooseTest -->
