<?xml version="1.0" encoding="UTF-8"?>
<!-- Generated by org.testng.reporters.JUnitXMLReporter -->
<testsuite ignored="0" hostname="ATMECSINLT-038" failures="0" tests="7" name="ChooseTest" time="97.298" errors="0" timestamp="18 Sep 2019 07:11:19 GMT">
  <testcase classname="com.atmecs.testScripts.ChooseFlight" name="homePageRedirection" time="0.041"/>
  <testcase classname="com.atmecs.testScripts.ChooseFlight" name="homePageCityInput" time="15.696"/>
  <testcase classname="com.atmecs.testScripts.ChooseFlight" name="homePageCityInput" time="15.337"/>
  <testcase classname="com.atmecs.testScripts.ChooseFlight" name="homePageCityInput" time="15.318"/>
  <testcase classname="com.atmecs.testScripts.ChooseFlight" name="homePageCityInput" time="15.275"/>
  <testcase classname="com.atmecs.testScripts.ChooseFlight" name="homePageCityInput" time="15.461"/>
  <testcase classname="com.atmecs.testScripts.ChooseFlight" name="isHomeDataCorrect" time="7.244"/>
</testsuite> <!-- ChooseTest -->
