<?xml version="1.0" encoding="UTF-8"?>
<!-- Generated by org.testng.reporters.JUnitXMLReporter -->
<testsuite ignored="0" hostname="ATMECSINLT-038" failures="0" tests="7" name="PassengersTest" time="126.021" errors="0" timestamp="20 Sep 2019 09:50:50 GMT">
  <testcase classname="com.atmecs.testScripts.TravellersDetails" name="doPageFlow" time="19.31"/>
  <testcase classname="com.atmecs.testScripts.TravellersDetails" name="doPageFlow" time="17.974"/>
  <testcase classname="com.atmecs.testScripts.TravellersDetails" name="doPageFlow" time="18.929"/>
  <testcase classname="com.atmecs.testScripts.TravellersDetails" name="reviewBookingDetails" time="20.422"/>
  <testcase classname="com.atmecs.testScripts.TravellersDetails" name="validateFlightDetails" time="1.01"/>
  <testcase classname="com.atmecs.testScripts.TravellersDetails" name="checkFunctionalyInputBoxes" time="6.174"/>
  <testcase classname="com.atmecs.testScripts.TravellersDetails" name="setPassengersData" time="19.004"/>
</testsuite> <!-- PassengersTest -->
