<?xml version="1.0" encoding="UTF-8"?>
<!-- Generated by org.testng.reporters.JUnitXMLReporter -->
<testsuite ignored="0" hostname="ATMECSINLT-038" failures="0" tests="9" name="PassengersTest" time="131.441" errors="0" timestamp="18 Sep 2019 07:15:11 GMT">
  <testcase classname="com.atmecs.testScripts.TravellersDetails" name="doPageFlow" time="15.611"/>
  <testcase classname="com.atmecs.testScripts.TravellersDetails" name="doPageFlow" time="15.258"/>
  <testcase classname="com.atmecs.testScripts.TravellersDetails" name="doPageFlow" time="15.288"/>
  <testcase classname="com.atmecs.testScripts.TravellersDetails" name="doPageFlow" time="15.216"/>
  <testcase classname="com.atmecs.testScripts.TravellersDetails" name="doPageFlow" time="15.345"/>
  <testcase classname="com.atmecs.testScripts.TravellersDetails" name="reviewBookingDetails" time="15.552"/>
  <testcase classname="com.atmecs.testScripts.TravellersDetails" name="validateFlightDetails" time="0.523"/>
  <testcase classname="com.atmecs.testScripts.TravellersDetails" name="checkFunctionalyInputBoxes" time="6.044"/>
  <testcase classname="com.atmecs.testScripts.TravellersDetails" name="setPassengersData" time="19.044"/>
</testsuite> <!-- PassengersTest -->
