<?xml version="1.0" encoding="UTF-8"?>
<!-- Generated by org.testng.reporters.JUnitXMLReporter -->
<testsuite ignored="0" hostname="ATMECSINLT-038" failures="0" tests="4" name="SelectTest" time="94.63" errors="0" timestamp="20 Sep 2019 09:48:44 GMT">
  <testcase classname="com.atmecs.testScripts.SelectFlight" name="doHomePageFlow" time="18.145"/>
  <testcase classname="com.atmecs.testScripts.SelectFlight" name="doHomePageFlow" time="17.983"/>
  <testcase classname="com.atmecs.testScripts.SelectFlight" name="doHomePageFlow" time="17.889"/>
  <testcase classname="com.atmecs.testScripts.SelectFlight" name="checkSortingButtonFunctionality" time="12.103"/>
</testsuite> <!-- SelectTest -->
