<?xml version="1.0" encoding="UTF-8"?>
<!-- Generated by org.testng.reporters.JUnitXMLReporter -->
<testsuite ignored="0" hostname="ATMECSINLT-038" failures="0" tests="6" name="SelectTest" time="100.267" errors="0" timestamp="18 Sep 2019 07:13:00 GMT">
  <testcase classname="com.atmecs.testScripts.SelectFlight" name="doHomePageFlow" time="15.558"/>
  <testcase classname="com.atmecs.testScripts.SelectFlight" name="doHomePageFlow" time="15.266"/>
  <testcase classname="com.atmecs.testScripts.SelectFlight" name="doHomePageFlow" time="15.187"/>
  <testcase classname="com.atmecs.testScripts.SelectFlight" name="doHomePageFlow" time="15.229"/>
  <testcase classname="com.atmecs.testScripts.SelectFlight" name="doHomePageFlow" time="15.238"/>
  <testcase classname="com.atmecs.testScripts.SelectFlight" name="checkSortingButtonFunctionality" time="11.633"/>
</testsuite> <!-- SelectTest -->
