<?xml version="1.0" encoding="UTF-8"?>
<!-- Generated by org.testng.reporters.JUnitXMLReporter -->
<testsuite ignored="0" hostname="ATMECSINLT-038" failures="0" tests="7" name="ChooseTest" time="112.861" errors="0" timestamp="18 Sep 2019 09:06:11 GMT">
  <testcase classname="com.atmecs.testScripts.ChooseFlight" name="homePageRedirection" time="0.036"/>
  <testcase classname="com.atmecs.testScripts.ChooseFlight" name="homePageCityInput" time="15.644"/>
  <testcase classname="com.atmecs.testScripts.ChooseFlight" name="homePageCityInput" time="15.381"/>
  <testcase classname="com.atmecs.testScripts.ChooseFlight" name="homePageCityInput" time="15.413"/>
  <testcase classname="com.atmecs.testScripts.ChooseFlight" name="homePageCityInput" time="15.495"/>
  <testcase classname="com.atmecs.testScripts.ChooseFlight" name="homePageCityInput" time="15.4"/>
  <testcase classname="com.atmecs.testScripts.ChooseFlight" name="isHomeDataCorrect" time="3.114"/>
</testsuite> <!-- ChooseTest -->
