<?xml version="1.0" encoding="UTF-8"?>
<!-- Generated by org.testng.reporters.JUnitXMLReporter -->
<testsuite ignored="0" hostname="ATMECSINLT-038" failures="0" tests="6" name="ChooseTest" time="104.284" errors="0" timestamp="19 Sep 2019 05:28:21 GMT">
  <testcase classname="com.atmecs.testScripts.ChooseFlight" name="correctCityValidation" time="24.856"/>
  <testcase classname="com.atmecs.testScripts.ChooseFlight" name="homePageRedirection" time="0.028"/>
  <testcase classname="com.atmecs.testScripts.ChooseFlight" name="homePageCityInput" time="17.815"/>
  <testcase classname="com.atmecs.testScripts.ChooseFlight" name="homePageCityInput" time="17.786"/>
  <testcase classname="com.atmecs.testScripts.ChooseFlight" name="homePageCityInput" time="17.96"/>
  <testcase classname="com.atmecs.testScripts.ChooseFlight" name="isHomeDataCorrect" time="9.431"/>
</testsuite> <!-- ChooseTest -->
