<?xml version="1.0" encoding="UTF-8"?>
<!-- Generated by org.testng.reporters.JUnitXMLReporter -->
<testsuite ignored="0" hostname="ATMECSINLT-038" failures="0" tests="6" name="SelectTest" time="98.615" errors="0" timestamp="18 Sep 2019 09:07:50 GMT">
  <testcase classname="com.atmecs.testScripts.SelectFlight" name="doHomePageFlow" time="15.697"/>
  <testcase classname="com.atmecs.testScripts.SelectFlight" name="doHomePageFlow" time="15.202"/>
  <testcase classname="com.atmecs.testScripts.SelectFlight" name="doHomePageFlow" time="15.278"/>
  <testcase classname="com.atmecs.testScripts.SelectFlight" name="doHomePageFlow" time="15.271"/>
  <testcase classname="com.atmecs.testScripts.SelectFlight" name="doHomePageFlow" time="15.318"/>
  <testcase classname="com.atmecs.testScripts.SelectFlight" name="checkSortingButtonFunctionality" time="8.768"/>
</testsuite> <!-- SelectTest -->
