<?xml version="1.0" encoding="UTF-8"?>
<!-- Generated by org.testng.reporters.JUnitXMLReporter -->
<testsuite ignored="0" hostname="ATMECSINLT-038" failures="0" tests="4" name="SelectTest" time="75.076" errors="0" timestamp="18 Sep 2019 11:55:15 GMT">
  <testcase classname="com.atmecs.testScripts.SelectFlight" name="doHomePageFlow" time="17.89"/>
  <testcase classname="com.atmecs.testScripts.SelectFlight" name="doHomePageFlow" time="17.904"/>
  <testcase classname="com.atmecs.testScripts.SelectFlight" name="doHomePageFlow" time="17.398"/>
  <testcase classname="com.atmecs.testScripts.SelectFlight" name="checkSortingButtonFunctionality" time="8.855"/>
</testsuite> <!-- SelectTest -->
