<?xml version="1.0" encoding="UTF-8"?>
<!-- Generated by org.testng.reporters.JUnitXMLReporter -->
<testsuite ignored="0" hostname="ATMECSINLT-038" failures="0" tests="7" name="Test" time="86.528" errors="0" timestamp="13 Sep 2019 11:23:50 GMT">
  <testcase classname="com.atmecs.testScripts.ChooseFlight" name="homePageRedirection" time="0.047"/>
  <testcase classname="com.atmecs.testScripts.ChooseFlight" name="homePageCityInput" time="15.586"/>
  <testcase classname="com.atmecs.testScripts.ChooseFlight" name="homePageCityInput" time="15.157"/>
  <testcase classname="com.atmecs.testScripts.ChooseFlight" name="homePageCityInput" time="15.139"/>
  <testcase classname="com.atmecs.testScripts.ChooseFlight" name="homePageCityInput" time="15.114"/>
  <testcase classname="com.atmecs.testScripts.ChooseFlight" name="homePageCityInput" time="15.101"/>
  <testcase classname="com.atmecs.testScripts.ChooseFlight" name="isHomeDataCorrect" time="9.302"/>
</testsuite> <!-- Test -->
