<?xml version="1.0" encoding="UTF-8"?>
<testng-results ignored="0" total="6" passed="6" failed="0" skipped="0">
  <reporter-output>
  </reporter-output>
  <suite started-at="2019-09-18T13:32:39Z" name="Suite" finished-at="2019-09-18T13:34:19Z" duration-ms="99345">
    <groups>
    </groups>
    <test started-at="2019-09-18T13:32:39Z" name="ChooseTest" finished-at="2019-09-18T13:34:19Z" duration-ms="99345">
      <class name="com.atmecs.testScripts.ChooseFlight">
        <test-method is-config="true" signature="startReport()[pri:0, instance:com.atmecs.testScripts.ChooseFlight@5ffead27]" started-at="2019-09-18T13:32:39Z" name="startReport" finished-at="2019-09-18T13:32:39Z" duration-ms="188" status="PASS">
          <reporter-output>
          </reporter-output>
        </test-method> <!-- startReport -->
        <test-method is-config="true" signature="intitailizeBrowser()[pri:0, instance:com.atmecs.testScripts.ChooseFlight@5ffead27]" started-at="2019-09-18T13:32:39Z" name="intitailizeBrowser" finished-at="2019-09-18T13:32:51Z" duration-ms="11318" status="PASS">
          <reporter-output>
          </reporter-output>
        </test-method> <!-- intitailizeBrowser -->
        <test-method signature="correctCityValidation(java.lang.String, java.lang.String)[pri:1, instance:com.atmecs.testScripts.ChooseFlight@5ffead27]" started-at="2019-09-18T13:32:52Z" name="correctCityValidation" data-provider="wrongcityinput" finished-at="2019-09-18T13:33:16Z" duration-ms="24442" status="PASS">
          <params>
            <param index="0">
              <value>
                <![CDATA[Kolkata]]>
              </value>
            </param>
            <param index="1">
              <value>
                <![CDATA[dcbdcdcb]]>
              </value>
            </param>
          </params>
          <reporter-output>
          </reporter-output>
        </test-method> <!-- correctCityValidation -->
        <test-method is-config="true" signature="tearDown(org.testng.ITestResult)[pri:0, instance:com.atmecs.testScripts.ChooseFlight@5ffead27]" started-at="2019-09-18T13:33:16Z" name="tearDown" finished-at="2019-09-18T13:33:16Z" duration-ms="15" status="PASS">
          <params>
            <param index="0">
              <value>
                <![CDATA[[TestResult name=correctCityValidation status=SUCCESS method=ChooseFlight.correctCityValidation(java.lang.String, java.lang.String)[pri:1, instance:com.atmecs.testScripts.ChooseFlight@5ffead27] output={null}]]]>
              </value>
            </param>
          </params>
          <reporter-output>
          </reporter-output>
        </test-method> <!-- tearDown -->
        <test-method signature="homePageRedirection()[pri:1, instance:com.atmecs.testScripts.ChooseFlight@5ffead27]" started-at="2019-09-18T13:33:16Z" name="homePageRedirection" finished-at="2019-09-18T13:33:16Z" duration-ms="14" status="PASS">
          <reporter-output>
          </reporter-output>
        </test-method> <!-- homePageRedirection -->
        <test-method is-config="true" signature="tearDown(org.testng.ITestResult)[pri:0, instance:com.atmecs.testScripts.ChooseFlight@5ffead27]" started-at="2019-09-18T13:33:16Z" name="tearDown" finished-at="2019-09-18T13:33:16Z" duration-ms="0" status="PASS">
          <params>
            <param index="0">
              <value>
                <![CDATA[[TestResult name=homePageRedirection status=SUCCESS method=ChooseFlight.homePageRedirection()[pri:1, instance:com.atmecs.testScripts.ChooseFlight@5ffead27] output={null}]]]>
              </value>
            </param>
          </params>
          <reporter-output>
          </reporter-output>
        </test-method> <!-- tearDown -->
        <test-method signature="homePageCityInput(java.lang.String, java.lang.String)[pri:2, instance:com.atmecs.testScripts.ChooseFlight@5ffead27]" started-at="2019-09-18T13:33:16Z" name="homePageCityInput" data-provider="cityinput" finished-at="2019-09-18T13:33:34Z" duration-ms="17569" status="PASS">
          <params>
            <param index="0">
              <value>
                <![CDATA[hyderabad]]>
              </value>
            </param>
            <param index="1">
              <value>
                <![CDATA[kolkata]]>
              </value>
            </param>
          </params>
          <reporter-output>
          </reporter-output>
        </test-method> <!-- homePageCityInput -->
        <test-method is-config="true" signature="tearDown(org.testng.ITestResult)[pri:0, instance:com.atmecs.testScripts.ChooseFlight@5ffead27]" started-at="2019-09-18T13:33:34Z" name="tearDown" finished-at="2019-09-18T13:33:34Z" duration-ms="0" status="PASS">
          <params>
            <param index="0">
              <value>
                <![CDATA[[TestResult name=homePageCityInput status=SUCCESS method=ChooseFlight.homePageCityInput(java.lang.String, java.lang.String)[pri:2, instance:com.atmecs.testScripts.ChooseFlight@5ffead27] output={null}]]]>
              </value>
            </param>
          </params>
          <reporter-output>
          </reporter-output>
        </test-method> <!-- tearDown -->
        <test-method signature="homePageCityInput(java.lang.String, java.lang.String)[pri:2, instance:com.atmecs.testScripts.ChooseFlight@5ffead27]" started-at="2019-09-18T13:33:34Z" name="homePageCityInput" data-provider="cityinput" finished-at="2019-09-18T13:33:51Z" duration-ms="17291" status="PASS">
          <params>
            <param index="0">
              <value>
                <![CDATA[delhi]]>
              </value>
            </param>
            <param index="1">
              <value>
                <![CDATA[jabalpur]]>
              </value>
            </param>
          </params>
          <reporter-output>
          </reporter-output>
        </test-method> <!-- homePageCityInput -->
        <test-method is-config="true" signature="tearDown(org.testng.ITestResult)[pri:0, instance:com.atmecs.testScripts.ChooseFlight@5ffead27]" started-at="2019-09-18T13:33:51Z" name="tearDown" finished-at="2019-09-18T13:33:51Z" duration-ms="1" status="PASS">
          <params>
            <param index="0">
              <value>
                <![CDATA[[TestResult name=homePageCityInput status=SUCCESS method=ChooseFlight.homePageCityInput(java.lang.String, java.lang.String)[pri:2, instance:com.atmecs.testScripts.ChooseFlight@5ffead27] output={null}]]]>
              </value>
            </param>
          </params>
          <reporter-output>
          </reporter-output>
        </test-method> <!-- tearDown -->
        <test-method signature="homePageCityInput(java.lang.String, java.lang.String)[pri:2, instance:com.atmecs.testScripts.ChooseFlight@5ffead27]" started-at="2019-09-18T13:33:51Z" name="homePageCityInput" data-provider="cityinput" finished-at="2019-09-18T13:34:09Z" duration-ms="17520" status="PASS">
          <params>
            <param index="0">
              <value>
                <![CDATA[BLR]]>
              </value>
            </param>
            <param index="1">
              <value>
                <![CDATA[BOM]]>
              </value>
            </param>
          </params>
          <reporter-output>
          </reporter-output>
        </test-method> <!-- homePageCityInput -->
        <test-method is-config="true" signature="tearDown(org.testng.ITestResult)[pri:0, instance:com.atmecs.testScripts.ChooseFlight@5ffead27]" started-at="2019-09-18T13:34:09Z" name="tearDown" finished-at="2019-09-18T13:34:09Z" duration-ms="1" status="PASS">
          <params>
            <param index="0">
              <value>
                <![CDATA[[TestResult name=homePageCityInput status=SUCCESS method=ChooseFlight.homePageCityInput(java.lang.String, java.lang.String)[pri:2, instance:com.atmecs.testScripts.ChooseFlight@5ffead27] output={null}]]]>
              </value>
            </param>
          </params>
          <reporter-output>
          </reporter-output>
        </test-method> <!-- tearDown -->
        <test-method signature="isHomeDataCorrect()[pri:3, instance:com.atmecs.testScripts.ChooseFlight@5ffead27]" started-at="2019-09-18T13:34:09Z" name="isHomeDataCorrect" finished-at="2019-09-18T13:34:17Z" duration-ms="8257" status="PASS">
          <reporter-output>
          </reporter-output>
        </test-method> <!-- isHomeDataCorrect -->
        <test-method is-config="true" signature="tearDown(org.testng.ITestResult)[pri:0, instance:com.atmecs.testScripts.ChooseFlight@5ffead27]" started-at="2019-09-18T13:34:17Z" name="tearDown" finished-at="2019-09-18T13:34:17Z" duration-ms="0" status="PASS">
          <params>
            <param index="0">
              <value>
                <![CDATA[[TestResult name=isHomeDataCorrect status=SUCCESS method=ChooseFlight.isHomeDataCorrect()[pri:3, instance:com.atmecs.testScripts.ChooseFlight@5ffead27] output={null}]]]>
              </value>
            </param>
          </params>
          <reporter-output>
          </reporter-output>
        </test-method> <!-- tearDown -->
        <test-method is-config="true" signature="print()[pri:0, instance:com.atmecs.testScripts.ChooseFlight@5ffead27]" started-at="2019-09-18T13:34:17Z" name="print" finished-at="2019-09-18T13:34:19Z" duration-ms="1711" status="PASS">
          <reporter-output>
          </reporter-output>
        </test-method> <!-- print -->
        <test-method is-config="true" signature="endReport()[pri:0, instance:com.atmecs.testScripts.ChooseFlight@5ffead27]" started-at="2019-09-18T13:34:19Z" name="endReport" finished-at="2019-09-18T13:34:19Z" duration-ms="617" status="PASS">
          <reporter-output>
          </reporter-output>
        </test-method> <!-- endReport -->
      </class> <!-- com.atmecs.testScripts.ChooseFlight -->
    </test> <!-- ChooseTest -->
  </suite> <!-- Suite -->
</testng-results>
