<?xml version="1.0" encoding="UTF-8"?>
<testng-results ignored="0" total="22" passed="22" failed="0" skipped="0">
  <reporter-output>
  </reporter-output>
  <suite started-at="2019-09-18T07:09:42Z" name="Suite" finished-at="2019-09-18T07:15:11Z" duration-ms="329204">
    <groups>
    </groups>
    <test started-at="2019-09-18T07:09:42Z" name="ChooseTest" finished-at="2019-09-18T07:11:19Z" duration-ms="97298">
      <class name="com.atmecs.testScripts.ChooseFlight">
        <test-method is-config="true" signature="intitailizeBrowser()[pri:0, instance:com.atmecs.testScripts.ChooseFlight@1534f01b]" started-at="2019-09-18T07:09:42Z" name="intitailizeBrowser" finished-at="2019-09-18T07:09:54Z" duration-ms="11758" status="PASS">
          <reporter-output>
          </reporter-output>
        </test-method> <!-- intitailizeBrowser -->
        <test-method signature="homePageRedirection()[pri:1, instance:com.atmecs.testScripts.ChooseFlight@1534f01b]" started-at="2019-09-18T07:09:54Z" name="homePageRedirection" finished-at="2019-09-18T07:09:54Z" duration-ms="41" status="PASS">
          <reporter-output>
          </reporter-output>
        </test-method> <!-- homePageRedirection -->
        <test-method is-config="true" signature="tearDown(org.testng.ITestResult)[pri:0, instance:com.atmecs.testScripts.ChooseFlight@1534f01b]" started-at="2019-09-18T07:09:54Z" name="tearDown" finished-at="2019-09-18T07:09:54Z" duration-ms="5" status="PASS">
          <params>
            <param index="0">
              <value>
                <![CDATA[[TestResult name=homePageRedirection status=SUCCESS method=ChooseFlight.homePageRedirection()[pri:1, instance:com.atmecs.testScripts.ChooseFlight@1534f01b] output={null}]]]>
              </value>
            </param>
          </params>
          <reporter-output>
          </reporter-output>
        </test-method> <!-- tearDown -->
        <test-method signature="homePageCityInput(java.lang.String, java.lang.String)[pri:2, instance:com.atmecs.testScripts.ChooseFlight@1534f01b]" started-at="2019-09-18T07:09:55Z" name="homePageCityInput" data-provider="cityinput" finished-at="2019-09-18T07:10:11Z" duration-ms="15696" status="PASS">
          <params>
            <param index="0">
              <value>
                <![CDATA[hyderabad]]>
              </value>
            </param>
            <param index="1">
              <value>
                <![CDATA[kolkata]]>
              </value>
            </param>
          </params>
          <reporter-output>
          </reporter-output>
        </test-method> <!-- homePageCityInput -->
        <test-method is-config="true" signature="tearDown(org.testng.ITestResult)[pri:0, instance:com.atmecs.testScripts.ChooseFlight@1534f01b]" started-at="2019-09-18T07:10:11Z" name="tearDown" finished-at="2019-09-18T07:10:11Z" duration-ms="0" status="PASS">
          <params>
            <param index="0">
              <value>
                <![CDATA[[TestResult name=homePageCityInput status=SUCCESS method=ChooseFlight.homePageCityInput(java.lang.String, java.lang.String)[pri:2, instance:com.atmecs.testScripts.ChooseFlight@1534f01b] output={null}]]]>
              </value>
            </param>
          </params>
          <reporter-output>
          </reporter-output>
        </test-method> <!-- tearDown -->
        <test-method signature="homePageCityInput(java.lang.String, java.lang.String)[pri:2, instance:com.atmecs.testScripts.ChooseFlight@1534f01b]" started-at="2019-09-18T07:10:11Z" name="homePageCityInput" data-provider="cityinput" finished-at="2019-09-18T07:10:26Z" duration-ms="15337" status="PASS">
          <params>
            <param index="0">
              <value>
                <![CDATA[chennai]]>
              </value>
            </param>
            <param index="1">
              <value>
                <![CDATA[mumbai]]>
              </value>
            </param>
          </params>
          <reporter-output>
          </reporter-output>
        </test-method> <!-- homePageCityInput -->
        <test-method signature="homePageCityInput(java.lang.String, java.lang.String)[pri:2, instance:com.atmecs.testScripts.ChooseFlight@1534f01b]" started-at="2019-09-18T07:10:26Z" name="homePageCityInput" data-provider="cityinput" finished-at="2019-09-18T07:10:41Z" duration-ms="15318" status="PASS">
          <params>
            <param index="0">
              <value>
                <![CDATA[delhi]]>
              </value>
            </param>
            <param index="1">
              <value>
                <![CDATA[jabalpur]]>
              </value>
            </param>
          </params>
          <reporter-output>
          </reporter-output>
        </test-method> <!-- homePageCityInput -->
        <test-method is-config="true" signature="tearDown(org.testng.ITestResult)[pri:0, instance:com.atmecs.testScripts.ChooseFlight@1534f01b]" started-at="2019-09-18T07:10:26Z" name="tearDown" finished-at="2019-09-18T07:10:26Z" duration-ms="0" status="PASS">
          <params>
            <param index="0">
              <value>
                <![CDATA[[TestResult name=homePageCityInput status=SUCCESS method=ChooseFlight.homePageCityInput(java.lang.String, java.lang.String)[pri:2, instance:com.atmecs.testScripts.ChooseFlight@1534f01b] output={null}]]]>
              </value>
            </param>
          </params>
          <reporter-output>
          </reporter-output>
        </test-method> <!-- tearDown -->
        <test-method is-config="true" signature="tearDown(org.testng.ITestResult)[pri:0, instance:com.atmecs.testScripts.ChooseFlight@1534f01b]" started-at="2019-09-18T07:10:41Z" name="tearDown" finished-at="2019-09-18T07:10:41Z" duration-ms="0" status="PASS">
          <params>
            <param index="0">
              <value>
                <![CDATA[[TestResult name=homePageCityInput status=SUCCESS method=ChooseFlight.homePageCityInput(java.lang.String, java.lang.String)[pri:2, instance:com.atmecs.testScripts.ChooseFlight@1534f01b] output={null}]]]>
              </value>
            </param>
          </params>
          <reporter-output>
          </reporter-output>
        </test-method> <!-- tearDown -->
        <test-method signature="homePageCityInput(java.lang.String, java.lang.String)[pri:2, instance:com.atmecs.testScripts.ChooseFlight@1534f01b]" started-at="2019-09-18T07:10:41Z" name="homePageCityInput" data-provider="cityinput" finished-at="2019-09-18T07:10:57Z" duration-ms="15275" status="PASS">
          <params>
            <param index="0">
              <value>
                <![CDATA[mumbai]]>
              </value>
            </param>
            <param index="1">
              <value>
                <![CDATA[delhi]]>
              </value>
            </param>
          </params>
          <reporter-output>
          </reporter-output>
        </test-method> <!-- homePageCityInput -->
        <test-method is-config="true" signature="tearDown(org.testng.ITestResult)[pri:0, instance:com.atmecs.testScripts.ChooseFlight@1534f01b]" started-at="2019-09-18T07:10:57Z" name="tearDown" finished-at="2019-09-18T07:10:57Z" duration-ms="0" status="PASS">
          <params>
            <param index="0">
              <value>
                <![CDATA[[TestResult name=homePageCityInput status=SUCCESS method=ChooseFlight.homePageCityInput(java.lang.String, java.lang.String)[pri:2, instance:com.atmecs.testScripts.ChooseFlight@1534f01b] output={null}]]]>
              </value>
            </param>
          </params>
          <reporter-output>
          </reporter-output>
        </test-method> <!-- tearDown -->
        <test-method signature="homePageCityInput(java.lang.String, java.lang.String)[pri:2, instance:com.atmecs.testScripts.ChooseFlight@1534f01b]" started-at="2019-09-18T07:10:57Z" name="homePageCityInput" data-provider="cityinput" finished-at="2019-09-18T07:11:12Z" duration-ms="15461" status="PASS">
          <params>
            <param index="0">
              <value>
                <![CDATA[BLR]]>
              </value>
            </param>
            <param index="1">
              <value>
                <![CDATA[BOM]]>
              </value>
            </param>
          </params>
          <reporter-output>
          </reporter-output>
        </test-method> <!-- homePageCityInput -->
        <test-method is-config="true" signature="tearDown(org.testng.ITestResult)[pri:0, instance:com.atmecs.testScripts.ChooseFlight@1534f01b]" started-at="2019-09-18T07:11:12Z" name="tearDown" finished-at="2019-09-18T07:11:12Z" duration-ms="1" status="PASS">
          <params>
            <param index="0">
              <value>
                <![CDATA[[TestResult name=homePageCityInput status=SUCCESS method=ChooseFlight.homePageCityInput(java.lang.String, java.lang.String)[pri:2, instance:com.atmecs.testScripts.ChooseFlight@1534f01b] output={null}]]]>
              </value>
            </param>
          </params>
          <reporter-output>
          </reporter-output>
        </test-method> <!-- tearDown -->
        <test-method signature="isHomeDataCorrect()[pri:3, instance:com.atmecs.testScripts.ChooseFlight@1534f01b]" started-at="2019-09-18T07:11:12Z" name="isHomeDataCorrect" finished-at="2019-09-18T07:11:19Z" duration-ms="7244" status="PASS">
          <reporter-output>
          </reporter-output>
        </test-method> <!-- isHomeDataCorrect -->
        <test-method is-config="true" signature="tearDown(org.testng.ITestResult)[pri:0, instance:com.atmecs.testScripts.ChooseFlight@1534f01b]" started-at="2019-09-18T07:11:19Z" name="tearDown" finished-at="2019-09-18T07:11:19Z" duration-ms="1" status="PASS">
          <params>
            <param index="0">
              <value>
                <![CDATA[[TestResult name=isHomeDataCorrect status=SUCCESS method=ChooseFlight.isHomeDataCorrect()[pri:3, instance:com.atmecs.testScripts.ChooseFlight@1534f01b] output={null}]]]>
              </value>
            </param>
          </params>
          <reporter-output>
          </reporter-output>
        </test-method> <!-- tearDown -->
      </class> <!-- com.atmecs.testScripts.ChooseFlight -->
    </test> <!-- ChooseTest -->
    <test started-at="2019-09-18T07:11:19Z" name="SelectTest" finished-at="2019-09-18T07:13:00Z" duration-ms="100267">
      <class name="com.atmecs.testScripts.SelectFlight">
        <test-method is-config="true" signature="intitailizeBrowser()[pri:0, instance:com.atmecs.testScripts.SelectFlight@3e92efc3]" started-at="2019-09-18T07:11:19Z" name="intitailizeBrowser" finished-at="2019-09-18T07:11:32Z" duration-ms="12083" status="PASS">
          <reporter-output>
          </reporter-output>
        </test-method> <!-- intitailizeBrowser -->
        <test-method signature="doHomePageFlow(java.lang.String, java.lang.String)[pri:4, instance:com.atmecs.testScripts.SelectFlight@3e92efc3]" started-at="2019-09-18T07:11:32Z" name="doHomePageFlow" data-provider="cityinput" finished-at="2019-09-18T07:11:47Z" duration-ms="15558" status="PASS">
          <params>
            <param index="0">
              <value>
                <![CDATA[hyderabad]]>
              </value>
            </param>
            <param index="1">
              <value>
                <![CDATA[kolkata]]>
              </value>
            </param>
          </params>
          <reporter-output>
          </reporter-output>
        </test-method> <!-- doHomePageFlow -->
        <test-method is-config="true" signature="tearDown(org.testng.ITestResult)[pri:0, instance:com.atmecs.testScripts.SelectFlight@3e92efc3]" started-at="2019-09-18T07:11:47Z" name="tearDown" finished-at="2019-09-18T07:11:47Z" duration-ms="1" status="PASS">
          <params>
            <param index="0">
              <value>
                <![CDATA[[TestResult name=doHomePageFlow status=SUCCESS method=SelectFlight.doHomePageFlow(java.lang.String, java.lang.String)[pri:4, instance:com.atmecs.testScripts.SelectFlight@3e92efc3] output={null}]]]>
              </value>
            </param>
          </params>
          <reporter-output>
          </reporter-output>
        </test-method> <!-- tearDown -->
        <test-method signature="doHomePageFlow(java.lang.String, java.lang.String)[pri:4, instance:com.atmecs.testScripts.SelectFlight@3e92efc3]" started-at="2019-09-18T07:11:47Z" name="doHomePageFlow" data-provider="cityinput" finished-at="2019-09-18T07:12:02Z" duration-ms="15266" status="PASS">
          <params>
            <param index="0">
              <value>
                <![CDATA[chennai]]>
              </value>
            </param>
            <param index="1">
              <value>
                <![CDATA[mumbai]]>
              </value>
            </param>
          </params>
          <reporter-output>
          </reporter-output>
        </test-method> <!-- doHomePageFlow -->
        <test-method is-config="true" signature="tearDown(org.testng.ITestResult)[pri:0, instance:com.atmecs.testScripts.SelectFlight@3e92efc3]" started-at="2019-09-18T07:12:02Z" name="tearDown" finished-at="2019-09-18T07:12:02Z" duration-ms="0" status="PASS">
          <params>
            <param index="0">
              <value>
                <![CDATA[[TestResult name=doHomePageFlow status=SUCCESS method=SelectFlight.doHomePageFlow(java.lang.String, java.lang.String)[pri:4, instance:com.atmecs.testScripts.SelectFlight@3e92efc3] output={null}]]]>
              </value>
            </param>
          </params>
          <reporter-output>
          </reporter-output>
        </test-method> <!-- tearDown -->
        <test-method signature="doHomePageFlow(java.lang.String, java.lang.String)[pri:4, instance:com.atmecs.testScripts.SelectFlight@3e92efc3]" started-at="2019-09-18T07:12:02Z" name="doHomePageFlow" data-provider="cityinput" finished-at="2019-09-18T07:12:18Z" duration-ms="15187" status="PASS">
          <params>
            <param index="0">
              <value>
                <![CDATA[delhi]]>
              </value>
            </param>
            <param index="1">
              <value>
                <![CDATA[jabalpur]]>
              </value>
            </param>
          </params>
          <reporter-output>
          </reporter-output>
        </test-method> <!-- doHomePageFlow -->
        <test-method signature="doHomePageFlow(java.lang.String, java.lang.String)[pri:4, instance:com.atmecs.testScripts.SelectFlight@3e92efc3]" started-at="2019-09-18T07:12:18Z" name="doHomePageFlow" data-provider="cityinput" finished-at="2019-09-18T07:12:33Z" duration-ms="15229" status="PASS">
          <params>
            <param index="0">
              <value>
                <![CDATA[mumbai]]>
              </value>
            </param>
            <param index="1">
              <value>
                <![CDATA[delhi]]>
              </value>
            </param>
          </params>
          <reporter-output>
          </reporter-output>
        </test-method> <!-- doHomePageFlow -->
        <test-method is-config="true" signature="tearDown(org.testng.ITestResult)[pri:0, instance:com.atmecs.testScripts.SelectFlight@3e92efc3]" started-at="2019-09-18T07:12:18Z" name="tearDown" finished-at="2019-09-18T07:12:18Z" duration-ms="0" status="PASS">
          <params>
            <param index="0">
              <value>
                <![CDATA[[TestResult name=doHomePageFlow status=SUCCESS method=SelectFlight.doHomePageFlow(java.lang.String, java.lang.String)[pri:4, instance:com.atmecs.testScripts.SelectFlight@3e92efc3] output={null}]]]>
              </value>
            </param>
          </params>
          <reporter-output>
          </reporter-output>
        </test-method> <!-- tearDown -->
        <test-method is-config="true" signature="tearDown(org.testng.ITestResult)[pri:0, instance:com.atmecs.testScripts.SelectFlight@3e92efc3]" started-at="2019-09-18T07:12:33Z" name="tearDown" finished-at="2019-09-18T07:12:33Z" duration-ms="1" status="PASS">
          <params>
            <param index="0">
              <value>
                <![CDATA[[TestResult name=doHomePageFlow status=SUCCESS method=SelectFlight.doHomePageFlow(java.lang.String, java.lang.String)[pri:4, instance:com.atmecs.testScripts.SelectFlight@3e92efc3] output={null}]]]>
              </value>
            </param>
          </params>
          <reporter-output>
          </reporter-output>
        </test-method> <!-- tearDown -->
        <test-method signature="doHomePageFlow(java.lang.String, java.lang.String)[pri:4, instance:com.atmecs.testScripts.SelectFlight@3e92efc3]" started-at="2019-09-18T07:12:33Z" name="doHomePageFlow" data-provider="cityinput" finished-at="2019-09-18T07:12:48Z" duration-ms="15238" status="PASS">
          <params>
            <param index="0">
              <value>
                <![CDATA[BLR]]>
              </value>
            </param>
            <param index="1">
              <value>
                <![CDATA[BOM]]>
              </value>
            </param>
          </params>
          <reporter-output>
          </reporter-output>
        </test-method> <!-- doHomePageFlow -->
        <test-method is-config="true" signature="tearDown(org.testng.ITestResult)[pri:0, instance:com.atmecs.testScripts.SelectFlight@3e92efc3]" started-at="2019-09-18T07:12:48Z" name="tearDown" finished-at="2019-09-18T07:12:48Z" duration-ms="0" status="PASS">
          <params>
            <param index="0">
              <value>
                <![CDATA[[TestResult name=doHomePageFlow status=SUCCESS method=SelectFlight.doHomePageFlow(java.lang.String, java.lang.String)[pri:4, instance:com.atmecs.testScripts.SelectFlight@3e92efc3] output={null}]]]>
              </value>
            </param>
          </params>
          <reporter-output>
          </reporter-output>
        </test-method> <!-- tearDown -->
        <test-method signature="checkSortingButtonFunctionality()[pri:5, instance:com.atmecs.testScripts.SelectFlight@3e92efc3]" started-at="2019-09-18T07:12:48Z" name="checkSortingButtonFunctionality" finished-at="2019-09-18T07:13:00Z" duration-ms="11633" status="PASS">
          <reporter-output>
          </reporter-output>
        </test-method> <!-- checkSortingButtonFunctionality -->
        <test-method is-config="true" signature="tearDown(org.testng.ITestResult)[pri:0, instance:com.atmecs.testScripts.SelectFlight@3e92efc3]" started-at="2019-09-18T07:13:00Z" name="tearDown" finished-at="2019-09-18T07:13:00Z" duration-ms="0" status="PASS">
          <params>
            <param index="0">
              <value>
                <![CDATA[[TestResult name=checkSortingButtonFunctionality status=SUCCESS method=SelectFlight.checkSortingButtonFunctionality()[pri:5, instance:com.atmecs.testScripts.SelectFlight@3e92efc3] output={null}]]]>
              </value>
            </param>
          </params>
          <reporter-output>
          </reporter-output>
        </test-method> <!-- tearDown -->
      </class> <!-- com.atmecs.testScripts.SelectFlight -->
    </test> <!-- SelectTest -->
    <test started-at="2019-09-18T07:13:00Z" name="PassengersTest" finished-at="2019-09-18T07:15:11Z" duration-ms="131441">
      <class name="com.atmecs.testScripts.TravellersDetails">
        <test-method is-config="true" signature="startReport()[pri:0, instance:com.atmecs.testScripts.TravellersDetails@30ee2816]" started-at="2019-09-18T07:09:42Z" name="startReport" finished-at="2019-09-18T07:09:42Z" duration-ms="184" status="PASS">
          <reporter-output>
          </reporter-output>
        </test-method> <!-- startReport -->
        <test-method is-config="true" signature="intitailizeBrowser()[pri:0, instance:com.atmecs.testScripts.TravellersDetails@30ee2816]" started-at="2019-09-18T07:13:00Z" name="intitailizeBrowser" finished-at="2019-09-18T07:13:13Z" duration-ms="13435" status="PASS">
          <reporter-output>
          </reporter-output>
        </test-method> <!-- intitailizeBrowser -->
        <test-method signature="doPageFlow(java.lang.String, java.lang.String)[pri:6, instance:com.atmecs.testScripts.TravellersDetails@30ee2816]" started-at="2019-09-18T07:13:13Z" name="doPageFlow" data-provider="cityinput" finished-at="2019-09-18T07:13:29Z" duration-ms="15611" status="PASS">
          <params>
            <param index="0">
              <value>
                <![CDATA[hyderabad]]>
              </value>
            </param>
            <param index="1">
              <value>
                <![CDATA[kolkata]]>
              </value>
            </param>
          </params>
          <reporter-output>
          </reporter-output>
        </test-method> <!-- doPageFlow -->
        <test-method signature="doPageFlow(java.lang.String, java.lang.String)[pri:6, instance:com.atmecs.testScripts.TravellersDetails@30ee2816]" started-at="2019-09-18T07:13:29Z" name="doPageFlow" data-provider="cityinput" finished-at="2019-09-18T07:13:44Z" duration-ms="15258" status="PASS">
          <params>
            <param index="0">
              <value>
                <![CDATA[chennai]]>
              </value>
            </param>
            <param index="1">
              <value>
                <![CDATA[mumbai]]>
              </value>
            </param>
          </params>
          <reporter-output>
          </reporter-output>
        </test-method> <!-- doPageFlow -->
        <test-method is-config="true" signature="tearDown(org.testng.ITestResult)[pri:0, instance:com.atmecs.testScripts.TravellersDetails@30ee2816]" started-at="2019-09-18T07:13:29Z" name="tearDown" finished-at="2019-09-18T07:13:29Z" duration-ms="0" status="PASS">
          <params>
            <param index="0">
              <value>
                <![CDATA[[TestResult name=doPageFlow status=SUCCESS method=TravellersDetails.doPageFlow(java.lang.String, java.lang.String)[pri:6, instance:com.atmecs.testScripts.TravellersDetails@30ee2816] output={null}]]]>
              </value>
            </param>
          </params>
          <reporter-output>
          </reporter-output>
        </test-method> <!-- tearDown -->
        <test-method is-config="true" signature="tearDown(org.testng.ITestResult)[pri:0, instance:com.atmecs.testScripts.TravellersDetails@30ee2816]" started-at="2019-09-18T07:13:44Z" name="tearDown" finished-at="2019-09-18T07:13:44Z" duration-ms="2" status="PASS">
          <params>
            <param index="0">
              <value>
                <![CDATA[[TestResult name=doPageFlow status=SUCCESS method=TravellersDetails.doPageFlow(java.lang.String, java.lang.String)[pri:6, instance:com.atmecs.testScripts.TravellersDetails@30ee2816] output={null}]]]>
              </value>
            </param>
          </params>
          <reporter-output>
          </reporter-output>
        </test-method> <!-- tearDown -->
        <test-method signature="doPageFlow(java.lang.String, java.lang.String)[pri:6, instance:com.atmecs.testScripts.TravellersDetails@30ee2816]" started-at="2019-09-18T07:13:44Z" name="doPageFlow" data-provider="cityinput" finished-at="2019-09-18T07:14:00Z" duration-ms="15288" status="PASS">
          <params>
            <param index="0">
              <value>
                <![CDATA[delhi]]>
              </value>
            </param>
            <param index="1">
              <value>
                <![CDATA[jabalpur]]>
              </value>
            </param>
          </params>
          <reporter-output>
          </reporter-output>
        </test-method> <!-- doPageFlow -->
        <test-method is-config="true" signature="tearDown(org.testng.ITestResult)[pri:0, instance:com.atmecs.testScripts.TravellersDetails@30ee2816]" started-at="2019-09-18T07:14:00Z" name="tearDown" finished-at="2019-09-18T07:14:00Z" duration-ms="1" status="PASS">
          <params>
            <param index="0">
              <value>
                <![CDATA[[TestResult name=doPageFlow status=SUCCESS method=TravellersDetails.doPageFlow(java.lang.String, java.lang.String)[pri:6, instance:com.atmecs.testScripts.TravellersDetails@30ee2816] output={null}]]]>
              </value>
            </param>
          </params>
          <reporter-output>
          </reporter-output>
        </test-method> <!-- tearDown -->
        <test-method signature="doPageFlow(java.lang.String, java.lang.String)[pri:6, instance:com.atmecs.testScripts.TravellersDetails@30ee2816]" started-at="2019-09-18T07:14:00Z" name="doPageFlow" data-provider="cityinput" finished-at="2019-09-18T07:14:15Z" duration-ms="15216" status="PASS">
          <params>
            <param index="0">
              <value>
                <![CDATA[mumbai]]>
              </value>
            </param>
            <param index="1">
              <value>
                <![CDATA[delhi]]>
              </value>
            </param>
          </params>
          <reporter-output>
          </reporter-output>
        </test-method> <!-- doPageFlow -->
        <test-method is-config="true" signature="tearDown(org.testng.ITestResult)[pri:0, instance:com.atmecs.testScripts.TravellersDetails@30ee2816]" started-at="2019-09-18T07:14:15Z" name="tearDown" finished-at="2019-09-18T07:14:15Z" duration-ms="1" status="PASS">
          <params>
            <param index="0">
              <value>
                <![CDATA[[TestResult name=doPageFlow status=SUCCESS method=TravellersDetails.doPageFlow(java.lang.String, java.lang.String)[pri:6, instance:com.atmecs.testScripts.TravellersDetails@30ee2816] output={null}]]]>
              </value>
            </param>
          </params>
          <reporter-output>
          </reporter-output>
        </test-method> <!-- tearDown -->
        <test-method signature="doPageFlow(java.lang.String, java.lang.String)[pri:6, instance:com.atmecs.testScripts.TravellersDetails@30ee2816]" started-at="2019-09-18T07:14:15Z" name="doPageFlow" data-provider="cityinput" finished-at="2019-09-18T07:14:30Z" duration-ms="15345" status="PASS">
          <params>
            <param index="0">
              <value>
                <![CDATA[BLR]]>
              </value>
            </param>
            <param index="1">
              <value>
                <![CDATA[BOM]]>
              </value>
            </param>
          </params>
          <reporter-output>
          </reporter-output>
        </test-method> <!-- doPageFlow -->
        <test-method is-config="true" signature="tearDown(org.testng.ITestResult)[pri:0, instance:com.atmecs.testScripts.TravellersDetails@30ee2816]" started-at="2019-09-18T07:14:30Z" name="tearDown" finished-at="2019-09-18T07:14:30Z" duration-ms="0" status="PASS">
          <params>
            <param index="0">
              <value>
                <![CDATA[[TestResult name=doPageFlow status=SUCCESS method=TravellersDetails.doPageFlow(java.lang.String, java.lang.String)[pri:6, instance:com.atmecs.testScripts.TravellersDetails@30ee2816] output={null}]]]>
              </value>
            </param>
          </params>
          <reporter-output>
          </reporter-output>
        </test-method> <!-- tearDown -->
        <test-method signature="reviewBookingDetails()[pri:7, instance:com.atmecs.testScripts.TravellersDetails@30ee2816]" started-at="2019-09-18T07:14:30Z" name="reviewBookingDetails" finished-at="2019-09-18T07:14:46Z" duration-ms="15552" status="PASS">
          <reporter-output>
          </reporter-output>
        </test-method> <!-- reviewBookingDetails -->
        <test-method is-config="true" signature="tearDown(org.testng.ITestResult)[pri:0, instance:com.atmecs.testScripts.TravellersDetails@30ee2816]" started-at="2019-09-18T07:14:46Z" name="tearDown" finished-at="2019-09-18T07:14:46Z" duration-ms="1" status="PASS">
          <params>
            <param index="0">
              <value>
                <![CDATA[[TestResult name=reviewBookingDetails status=SUCCESS method=TravellersDetails.reviewBookingDetails()[pri:7, instance:com.atmecs.testScripts.TravellersDetails@30ee2816] output={null}]]]>
              </value>
            </param>
          </params>
          <reporter-output>
          </reporter-output>
        </test-method> <!-- tearDown -->
        <test-method signature="validateFlightDetails()[pri:8, instance:com.atmecs.testScripts.TravellersDetails@30ee2816]" started-at="2019-09-18T07:14:46Z" name="validateFlightDetails" finished-at="2019-09-18T07:14:46Z" duration-ms="523" status="PASS">
          <reporter-output>
          </reporter-output>
        </test-method> <!-- validateFlightDetails -->
        <test-method signature="checkFunctionalyInputBoxes()[pri:9, instance:com.atmecs.testScripts.TravellersDetails@30ee2816]" started-at="2019-09-18T07:14:46Z" name="checkFunctionalyInputBoxes" finished-at="2019-09-18T07:14:52Z" duration-ms="6044" status="PASS">
          <reporter-output>
          </reporter-output>
        </test-method> <!-- checkFunctionalyInputBoxes -->
        <test-method is-config="true" signature="tearDown(org.testng.ITestResult)[pri:0, instance:com.atmecs.testScripts.TravellersDetails@30ee2816]" started-at="2019-09-18T07:14:46Z" name="tearDown" finished-at="2019-09-18T07:14:46Z" duration-ms="0" status="PASS">
          <params>
            <param index="0">
              <value>
                <![CDATA[[TestResult name=validateFlightDetails status=SUCCESS method=TravellersDetails.validateFlightDetails()[pri:8, instance:com.atmecs.testScripts.TravellersDetails@30ee2816] output={null}]]]>
              </value>
            </param>
          </params>
          <reporter-output>
          </reporter-output>
        </test-method> <!-- tearDown -->
        <test-method is-config="true" signature="tearDown(org.testng.ITestResult)[pri:0, instance:com.atmecs.testScripts.TravellersDetails@30ee2816]" started-at="2019-09-18T07:14:52Z" name="tearDown" finished-at="2019-09-18T07:14:52Z" duration-ms="0" status="PASS">
          <params>
            <param index="0">
              <value>
                <![CDATA[[TestResult name=checkFunctionalyInputBoxes status=SUCCESS method=TravellersDetails.checkFunctionalyInputBoxes()[pri:9, instance:com.atmecs.testScripts.TravellersDetails@30ee2816] output={null}]]]>
              </value>
            </param>
          </params>
          <reporter-output>
          </reporter-output>
        </test-method> <!-- tearDown -->
        <test-method signature="setPassengersData(java.lang.String, java.lang.String, java.lang.String, java.lang.String, java.lang.String, java.lang.String)[pri:10, instance:com.atmecs.testScripts.TravellersDetails@30ee2816]" started-at="2019-09-18T07:14:52Z" name="setPassengersData" data-provider="testinput" finished-at="2019-09-18T07:15:11Z" duration-ms="19044" status="PASS">
          <params>
            <param index="0">
              <value>
                <![CDATA[saurabh]]>
              </value>
            </param>
            <param index="1">
              <value>
                <![CDATA[chauhan]]>
              </value>
            </param>
            <param index="2">
              <value>
                <![CDATA[arjun]]>
              </value>
            </param>
            <param index="3">
              <value>
                <![CDATA[santra]]>
              </value>
            </param>
            <param index="4">
              <value>
                <![CDATA[9179149897]]>
              </value>
            </param>
            <param index="5">
              <value>
                <![CDATA[chauhaninfj@gmail.com]]>
              </value>
            </param>
          </params>
          <reporter-output>
          </reporter-output>
        </test-method> <!-- setPassengersData -->
        <test-method is-config="true" signature="tearDown(org.testng.ITestResult)[pri:0, instance:com.atmecs.testScripts.TravellersDetails@30ee2816]" started-at="2019-09-18T07:15:11Z" name="tearDown" finished-at="2019-09-18T07:15:11Z" duration-ms="0" status="PASS">
          <params>
            <param index="0">
              <value>
                <![CDATA[[TestResult name=setPassengersData status=SUCCESS method=TravellersDetails.setPassengersData(java.lang.String, java.lang.String, java.lang.String, java.lang.String, java.lang.String, java.lang.String)[pri:10, instance:com.atmecs.testScripts.TravellersDetails@30ee2816] output={null}]]]>
              </value>
            </param>
          </params>
          <reporter-output>
          </reporter-output>
        </test-method> <!-- tearDown -->
        <test-method is-config="true" signature="endReport()[pri:0, instance:com.atmecs.testScripts.TravellersDetails@30ee2816]" started-at="2019-09-18T07:15:11Z" name="endReport" finished-at="2019-09-18T07:15:14Z" duration-ms="2689" status="PASS">
          <reporter-output>
          </reporter-output>
        </test-method> <!-- endReport -->
      </class> <!-- com.atmecs.testScripts.TravellersDetails -->
    </test> <!-- PassengersTest -->
  </suite> <!-- Suite -->
</testng-results>
