<?xml version="1.0" encoding="UTF-8"?>
<testng-results ignored="0" total="17" passed="17" failed="0" skipped="0">
  <reporter-output>
  </reporter-output>
  <suite started-at="2019-09-20T09:45:13Z" name="Suite" finished-at="2019-09-20T09:50:50Z" duration-ms="337554">
    <groups>
    </groups>
    <test started-at="2019-09-20T09:45:13Z" name="ChooseTest" finished-at="2019-09-20T09:47:09Z" duration-ms="116242">
      <class name="com.atmecs.testScripts.ChooseFlight">
        <test-method is-config="true" signature="intitailizeBrowser()[pri:0, instance:com.atmecs.testScripts.ChooseFlight@363ee3a2]" started-at="2019-09-20T09:45:13Z" name="intitailizeBrowser" finished-at="2019-09-20T09:45:34Z" duration-ms="20765" status="PASS">
          <reporter-output>
          </reporter-output>
        </test-method> <!-- intitailizeBrowser -->
        <test-method signature="correctCityValidation(java.lang.String, java.lang.String)[pri:1, instance:com.atmecs.testScripts.ChooseFlight@363ee3a2]" started-at="2019-09-20T09:45:35Z" name="correctCityValidation" data-provider="wrongcityinput" finished-at="2019-09-20T09:46:01Z" duration-ms="25717" status="PASS">
          <params>
            <param index="0">
              <value>
                <![CDATA[Kolkata]]>
              </value>
            </param>
            <param index="1">
              <value>
                <![CDATA[dcbdcdcb]]>
              </value>
            </param>
          </params>
          <reporter-output>
          </reporter-output>
        </test-method> <!-- correctCityValidation -->
        <test-method is-config="true" signature="tearDown(org.testng.ITestResult)[pri:0, instance:com.atmecs.testScripts.ChooseFlight@363ee3a2]" started-at="2019-09-20T09:46:01Z" name="tearDown" finished-at="2019-09-20T09:46:01Z" duration-ms="5" status="PASS">
          <params>
            <param index="0">
              <value>
                <![CDATA[[TestResult name=correctCityValidation status=SUCCESS method=ChooseFlight.correctCityValidation(java.lang.String, java.lang.String)[pri:1, instance:com.atmecs.testScripts.ChooseFlight@363ee3a2] output={null}]]]>
              </value>
            </param>
          </params>
          <reporter-output>
          </reporter-output>
        </test-method> <!-- tearDown -->
        <test-method signature="homePageRedirection()[pri:1, instance:com.atmecs.testScripts.ChooseFlight@363ee3a2]" started-at="2019-09-20T09:46:01Z" name="homePageRedirection" finished-at="2019-09-20T09:46:01Z" duration-ms="32" status="PASS">
          <reporter-output>
          </reporter-output>
        </test-method> <!-- homePageRedirection -->
        <test-method is-config="true" signature="tearDown(org.testng.ITestResult)[pri:0, instance:com.atmecs.testScripts.ChooseFlight@363ee3a2]" started-at="2019-09-20T09:46:01Z" name="tearDown" finished-at="2019-09-20T09:46:01Z" duration-ms="1" status="PASS">
          <params>
            <param index="0">
              <value>
                <![CDATA[[TestResult name=homePageRedirection status=SUCCESS method=ChooseFlight.homePageRedirection()[pri:1, instance:com.atmecs.testScripts.ChooseFlight@363ee3a2] output={null}]]]>
              </value>
            </param>
          </params>
          <reporter-output>
          </reporter-output>
        </test-method> <!-- tearDown -->
        <test-method signature="homePageCityInput(java.lang.String, java.lang.String)[pri:2, instance:com.atmecs.testScripts.ChooseFlight@363ee3a2]" started-at="2019-09-20T09:46:01Z" name="homePageCityInput" data-provider="cityinput" finished-at="2019-09-20T09:46:19Z" duration-ms="18011" status="PASS">
          <params>
            <param index="0">
              <value>
                <![CDATA[hyderabad]]>
              </value>
            </param>
            <param index="1">
              <value>
                <![CDATA[kolkata]]>
              </value>
            </param>
          </params>
          <reporter-output>
          </reporter-output>
        </test-method> <!-- homePageCityInput -->
        <test-method is-config="true" signature="tearDown(org.testng.ITestResult)[pri:0, instance:com.atmecs.testScripts.ChooseFlight@363ee3a2]" started-at="2019-09-20T09:46:19Z" name="tearDown" finished-at="2019-09-20T09:46:19Z" duration-ms="0" status="PASS">
          <params>
            <param index="0">
              <value>
                <![CDATA[[TestResult name=homePageCityInput status=SUCCESS method=ChooseFlight.homePageCityInput(java.lang.String, java.lang.String)[pri:2, instance:com.atmecs.testScripts.ChooseFlight@363ee3a2] output={null}]]]>
              </value>
            </param>
          </params>
          <reporter-output>
          </reporter-output>
        </test-method> <!-- tearDown -->
        <test-method signature="homePageCityInput(java.lang.String, java.lang.String)[pri:2, instance:com.atmecs.testScripts.ChooseFlight@363ee3a2]" started-at="2019-09-20T09:46:19Z" name="homePageCityInput" data-provider="cityinput" finished-at="2019-09-20T09:46:38Z" duration-ms="19588" status="PASS">
          <params>
            <param index="0">
              <value>
                <![CDATA[delhi]]>
              </value>
            </param>
            <param index="1">
              <value>
                <![CDATA[jabalpur]]>
              </value>
            </param>
          </params>
          <reporter-output>
          </reporter-output>
        </test-method> <!-- homePageCityInput -->
        <test-method is-config="true" signature="tearDown(org.testng.ITestResult)[pri:0, instance:com.atmecs.testScripts.ChooseFlight@363ee3a2]" started-at="2019-09-20T09:46:38Z" name="tearDown" finished-at="2019-09-20T09:46:38Z" duration-ms="1" status="PASS">
          <params>
            <param index="0">
              <value>
                <![CDATA[[TestResult name=homePageCityInput status=SUCCESS method=ChooseFlight.homePageCityInput(java.lang.String, java.lang.String)[pri:2, instance:com.atmecs.testScripts.ChooseFlight@363ee3a2] output={null}]]]>
              </value>
            </param>
          </params>
          <reporter-output>
          </reporter-output>
        </test-method> <!-- tearDown -->
        <test-method signature="homePageCityInput(java.lang.String, java.lang.String)[pri:2, instance:com.atmecs.testScripts.ChooseFlight@363ee3a2]" started-at="2019-09-20T09:46:38Z" name="homePageCityInput" data-provider="cityinput" finished-at="2019-09-20T09:46:56Z" duration-ms="17638" status="PASS">
          <params>
            <param index="0">
              <value>
                <![CDATA[BLR]]>
              </value>
            </param>
            <param index="1">
              <value>
                <![CDATA[BOM]]>
              </value>
            </param>
          </params>
          <reporter-output>
          </reporter-output>
        </test-method> <!-- homePageCityInput -->
        <test-method signature="isHomeDataCorrect()[pri:3, instance:com.atmecs.testScripts.ChooseFlight@363ee3a2]" started-at="2019-09-20T09:46:56Z" name="isHomeDataCorrect" finished-at="2019-09-20T09:47:04Z" duration-ms="8336" status="PASS">
          <reporter-output>
          </reporter-output>
        </test-method> <!-- isHomeDataCorrect -->
        <test-method is-config="true" signature="tearDown(org.testng.ITestResult)[pri:0, instance:com.atmecs.testScripts.ChooseFlight@363ee3a2]" started-at="2019-09-20T09:46:56Z" name="tearDown" finished-at="2019-09-20T09:46:56Z" duration-ms="0" status="PASS">
          <params>
            <param index="0">
              <value>
                <![CDATA[[TestResult name=homePageCityInput status=SUCCESS method=ChooseFlight.homePageCityInput(java.lang.String, java.lang.String)[pri:2, instance:com.atmecs.testScripts.ChooseFlight@363ee3a2] output={null}]]]>
              </value>
            </param>
          </params>
          <reporter-output>
          </reporter-output>
        </test-method> <!-- tearDown -->
        <test-method is-config="true" signature="tearDown(org.testng.ITestResult)[pri:0, instance:com.atmecs.testScripts.ChooseFlight@363ee3a2]" started-at="2019-09-20T09:47:04Z" name="tearDown" finished-at="2019-09-20T09:47:04Z" duration-ms="1" status="PASS">
          <params>
            <param index="0">
              <value>
                <![CDATA[[TestResult name=isHomeDataCorrect status=SUCCESS method=ChooseFlight.isHomeDataCorrect()[pri:3, instance:com.atmecs.testScripts.ChooseFlight@363ee3a2] output={null}]]]>
              </value>
            </param>
          </params>
          <reporter-output>
          </reporter-output>
        </test-method> <!-- tearDown -->
        <test-method is-config="true" signature="print()[pri:0, instance:com.atmecs.testScripts.ChooseFlight@363ee3a2]" started-at="2019-09-20T09:47:04Z" name="print" finished-at="2019-09-20T09:47:09Z" duration-ms="4761" status="PASS">
          <reporter-output>
          </reporter-output>
        </test-method> <!-- print -->
      </class> <!-- com.atmecs.testScripts.ChooseFlight -->
    </test> <!-- ChooseTest -->
    <test started-at="2019-09-20T09:47:10Z" name="SelectTest" finished-at="2019-09-20T09:48:44Z" duration-ms="94630">
      <class name="com.atmecs.testScripts.SelectFlight">
        <test-method is-config="true" signature="intitailizeBrowser()[pri:0, instance:com.atmecs.testScripts.SelectFlight@70e8f8e]" started-at="2019-09-20T09:47:10Z" name="intitailizeBrowser" finished-at="2019-09-20T09:47:33Z" duration-ms="23896" status="PASS">
          <reporter-output>
          </reporter-output>
        </test-method> <!-- intitailizeBrowser -->
        <test-method signature="doHomePageFlow(java.lang.String, java.lang.String)[pri:4, instance:com.atmecs.testScripts.SelectFlight@70e8f8e]" started-at="2019-09-20T09:47:34Z" name="doHomePageFlow" data-provider="cityinput" finished-at="2019-09-20T09:47:52Z" duration-ms="18145" status="PASS">
          <params>
            <param index="0">
              <value>
                <![CDATA[hyderabad]]>
              </value>
            </param>
            <param index="1">
              <value>
                <![CDATA[kolkata]]>
              </value>
            </param>
          </params>
          <reporter-output>
          </reporter-output>
        </test-method> <!-- doHomePageFlow -->
        <test-method is-config="true" signature="tearDown(org.testng.ITestResult)[pri:0, instance:com.atmecs.testScripts.SelectFlight@70e8f8e]" started-at="2019-09-20T09:47:52Z" name="tearDown" finished-at="2019-09-20T09:47:52Z" duration-ms="1" status="PASS">
          <params>
            <param index="0">
              <value>
                <![CDATA[[TestResult name=doHomePageFlow status=SUCCESS method=SelectFlight.doHomePageFlow(java.lang.String, java.lang.String)[pri:4, instance:com.atmecs.testScripts.SelectFlight@70e8f8e] output={null}]]]>
              </value>
            </param>
          </params>
          <reporter-output>
          </reporter-output>
        </test-method> <!-- tearDown -->
        <test-method signature="doHomePageFlow(java.lang.String, java.lang.String)[pri:4, instance:com.atmecs.testScripts.SelectFlight@70e8f8e]" started-at="2019-09-20T09:47:52Z" name="doHomePageFlow" data-provider="cityinput" finished-at="2019-09-20T09:48:10Z" duration-ms="17983" status="PASS">
          <params>
            <param index="0">
              <value>
                <![CDATA[delhi]]>
              </value>
            </param>
            <param index="1">
              <value>
                <![CDATA[jabalpur]]>
              </value>
            </param>
          </params>
          <reporter-output>
          </reporter-output>
        </test-method> <!-- doHomePageFlow -->
        <test-method is-config="true" signature="tearDown(org.testng.ITestResult)[pri:0, instance:com.atmecs.testScripts.SelectFlight@70e8f8e]" started-at="2019-09-20T09:48:10Z" name="tearDown" finished-at="2019-09-20T09:48:10Z" duration-ms="1" status="PASS">
          <params>
            <param index="0">
              <value>
                <![CDATA[[TestResult name=doHomePageFlow status=SUCCESS method=SelectFlight.doHomePageFlow(java.lang.String, java.lang.String)[pri:4, instance:com.atmecs.testScripts.SelectFlight@70e8f8e] output={null}]]]>
              </value>
            </param>
          </params>
          <reporter-output>
          </reporter-output>
        </test-method> <!-- tearDown -->
        <test-method signature="doHomePageFlow(java.lang.String, java.lang.String)[pri:4, instance:com.atmecs.testScripts.SelectFlight@70e8f8e]" started-at="2019-09-20T09:48:10Z" name="doHomePageFlow" data-provider="cityinput" finished-at="2019-09-20T09:48:28Z" duration-ms="17889" status="PASS">
          <params>
            <param index="0">
              <value>
                <![CDATA[BLR]]>
              </value>
            </param>
            <param index="1">
              <value>
                <![CDATA[BOM]]>
              </value>
            </param>
          </params>
          <reporter-output>
          </reporter-output>
        </test-method> <!-- doHomePageFlow -->
        <test-method is-config="true" signature="tearDown(org.testng.ITestResult)[pri:0, instance:com.atmecs.testScripts.SelectFlight@70e8f8e]" started-at="2019-09-20T09:48:28Z" name="tearDown" finished-at="2019-09-20T09:48:28Z" duration-ms="0" status="PASS">
          <params>
            <param index="0">
              <value>
                <![CDATA[[TestResult name=doHomePageFlow status=SUCCESS method=SelectFlight.doHomePageFlow(java.lang.String, java.lang.String)[pri:4, instance:com.atmecs.testScripts.SelectFlight@70e8f8e] output={null}]]]>
              </value>
            </param>
          </params>
          <reporter-output>
          </reporter-output>
        </test-method> <!-- tearDown -->
        <test-method signature="checkSortingButtonFunctionality()[pri:5, instance:com.atmecs.testScripts.SelectFlight@70e8f8e]" started-at="2019-09-20T09:48:28Z" name="checkSortingButtonFunctionality" finished-at="2019-09-20T09:48:40Z" duration-ms="12103" status="PASS">
          <reporter-output>
          </reporter-output>
        </test-method> <!-- checkSortingButtonFunctionality -->
        <test-method is-config="true" signature="tearDown(org.testng.ITestResult)[pri:0, instance:com.atmecs.testScripts.SelectFlight@70e8f8e]" started-at="2019-09-20T09:48:40Z" name="tearDown" finished-at="2019-09-20T09:48:40Z" duration-ms="0" status="PASS">
          <params>
            <param index="0">
              <value>
                <![CDATA[[TestResult name=checkSortingButtonFunctionality status=SUCCESS method=SelectFlight.checkSortingButtonFunctionality()[pri:5, instance:com.atmecs.testScripts.SelectFlight@70e8f8e] output={null}]]]>
              </value>
            </param>
          </params>
          <reporter-output>
          </reporter-output>
        </test-method> <!-- tearDown -->
        <test-method is-config="true" signature="print()[pri:0, instance:com.atmecs.testScripts.SelectFlight@70e8f8e]" started-at="2019-09-20T09:48:40Z" name="print" finished-at="2019-09-20T09:48:44Z" duration-ms="4554" status="PASS">
          <reporter-output>
          </reporter-output>
        </test-method> <!-- print -->
      </class> <!-- com.atmecs.testScripts.SelectFlight -->
    </test> <!-- SelectTest -->
    <test started-at="2019-09-20T09:48:44Z" name="PassengersTest" finished-at="2019-09-20T09:50:50Z" duration-ms="126021">
      <class name="com.atmecs.testScripts.TravellersDetails">
        <test-method is-config="true" signature="startReport()[pri:0, instance:com.atmecs.testScripts.TravellersDetails@635eaaf1]" started-at="2019-09-20T09:45:13Z" name="startReport" finished-at="2019-09-20T09:45:13Z" duration-ms="168" status="PASS">
          <reporter-output>
          </reporter-output>
        </test-method> <!-- startReport -->
        <test-method is-config="true" signature="intitailizeBrowser()[pri:0, instance:com.atmecs.testScripts.TravellersDetails@635eaaf1]" started-at="2019-09-20T09:48:44Z" name="intitailizeBrowser" finished-at="2019-09-20T09:49:03Z" duration-ms="18914" status="PASS">
          <reporter-output>
          </reporter-output>
        </test-method> <!-- intitailizeBrowser -->
        <test-method signature="doPageFlow(java.lang.String, java.lang.String)[pri:6, instance:com.atmecs.testScripts.TravellersDetails@635eaaf1]" started-at="2019-09-20T09:49:03Z" name="doPageFlow" data-provider="cityinput" finished-at="2019-09-20T09:49:23Z" duration-ms="19310" status="PASS">
          <params>
            <param index="0">
              <value>
                <![CDATA[hyderabad]]>
              </value>
            </param>
            <param index="1">
              <value>
                <![CDATA[kolkata]]>
              </value>
            </param>
          </params>
          <reporter-output>
          </reporter-output>
        </test-method> <!-- doPageFlow -->
        <test-method is-config="true" signature="tearDown(org.testng.ITestResult)[pri:0, instance:com.atmecs.testScripts.TravellersDetails@635eaaf1]" started-at="2019-09-20T09:49:23Z" name="tearDown" finished-at="2019-09-20T09:49:23Z" duration-ms="0" status="PASS">
          <params>
            <param index="0">
              <value>
                <![CDATA[[TestResult name=doPageFlow status=SUCCESS method=TravellersDetails.doPageFlow(java.lang.String, java.lang.String)[pri:6, instance:com.atmecs.testScripts.TravellersDetails@635eaaf1] output={null}]]]>
              </value>
            </param>
          </params>
          <reporter-output>
          </reporter-output>
        </test-method> <!-- tearDown -->
        <test-method signature="doPageFlow(java.lang.String, java.lang.String)[pri:6, instance:com.atmecs.testScripts.TravellersDetails@635eaaf1]" started-at="2019-09-20T09:49:23Z" name="doPageFlow" data-provider="cityinput" finished-at="2019-09-20T09:49:41Z" duration-ms="17974" status="PASS">
          <params>
            <param index="0">
              <value>
                <![CDATA[delhi]]>
              </value>
            </param>
            <param index="1">
              <value>
                <![CDATA[jabalpur]]>
              </value>
            </param>
          </params>
          <reporter-output>
          </reporter-output>
        </test-method> <!-- doPageFlow -->
        <test-method is-config="true" signature="tearDown(org.testng.ITestResult)[pri:0, instance:com.atmecs.testScripts.TravellersDetails@635eaaf1]" started-at="2019-09-20T09:49:41Z" name="tearDown" finished-at="2019-09-20T09:49:41Z" duration-ms="1" status="PASS">
          <params>
            <param index="0">
              <value>
                <![CDATA[[TestResult name=doPageFlow status=SUCCESS method=TravellersDetails.doPageFlow(java.lang.String, java.lang.String)[pri:6, instance:com.atmecs.testScripts.TravellersDetails@635eaaf1] output={null}]]]>
              </value>
            </param>
          </params>
          <reporter-output>
          </reporter-output>
        </test-method> <!-- tearDown -->
        <test-method signature="doPageFlow(java.lang.String, java.lang.String)[pri:6, instance:com.atmecs.testScripts.TravellersDetails@635eaaf1]" started-at="2019-09-20T09:49:41Z" name="doPageFlow" data-provider="cityinput" finished-at="2019-09-20T09:49:59Z" duration-ms="18929" status="PASS">
          <params>
            <param index="0">
              <value>
                <![CDATA[BLR]]>
              </value>
            </param>
            <param index="1">
              <value>
                <![CDATA[BOM]]>
              </value>
            </param>
          </params>
          <reporter-output>
          </reporter-output>
        </test-method> <!-- doPageFlow -->
        <test-method is-config="true" signature="tearDown(org.testng.ITestResult)[pri:0, instance:com.atmecs.testScripts.TravellersDetails@635eaaf1]" started-at="2019-09-20T09:49:59Z" name="tearDown" finished-at="2019-09-20T09:49:59Z" duration-ms="1" status="PASS">
          <params>
            <param index="0">
              <value>
                <![CDATA[[TestResult name=doPageFlow status=SUCCESS method=TravellersDetails.doPageFlow(java.lang.String, java.lang.String)[pri:6, instance:com.atmecs.testScripts.TravellersDetails@635eaaf1] output={null}]]]>
              </value>
            </param>
          </params>
          <reporter-output>
          </reporter-output>
        </test-method> <!-- tearDown -->
        <test-method signature="reviewBookingDetails()[pri:7, instance:com.atmecs.testScripts.TravellersDetails@635eaaf1]" started-at="2019-09-20T09:49:59Z" name="reviewBookingDetails" finished-at="2019-09-20T09:50:20Z" duration-ms="20422" status="PASS">
          <reporter-output>
          </reporter-output>
        </test-method> <!-- reviewBookingDetails -->
        <test-method is-config="true" signature="tearDown(org.testng.ITestResult)[pri:0, instance:com.atmecs.testScripts.TravellersDetails@635eaaf1]" started-at="2019-09-20T09:50:20Z" name="tearDown" finished-at="2019-09-20T09:50:20Z" duration-ms="1" status="PASS">
          <params>
            <param index="0">
              <value>
                <![CDATA[[TestResult name=reviewBookingDetails status=SUCCESS method=TravellersDetails.reviewBookingDetails()[pri:7, instance:com.atmecs.testScripts.TravellersDetails@635eaaf1] output={null}]]]>
              </value>
            </param>
          </params>
          <reporter-output>
          </reporter-output>
        </test-method> <!-- tearDown -->
        <test-method signature="validateFlightDetails()[pri:8, instance:com.atmecs.testScripts.TravellersDetails@635eaaf1]" started-at="2019-09-20T09:50:20Z" name="validateFlightDetails" finished-at="2019-09-20T09:50:21Z" duration-ms="1010" status="PASS">
          <reporter-output>
          </reporter-output>
        </test-method> <!-- validateFlightDetails -->
        <test-method is-config="true" signature="tearDown(org.testng.ITestResult)[pri:0, instance:com.atmecs.testScripts.TravellersDetails@635eaaf1]" started-at="2019-09-20T09:50:21Z" name="tearDown" finished-at="2019-09-20T09:50:21Z" duration-ms="0" status="PASS">
          <params>
            <param index="0">
              <value>
                <![CDATA[[TestResult name=validateFlightDetails status=SUCCESS method=TravellersDetails.validateFlightDetails()[pri:8, instance:com.atmecs.testScripts.TravellersDetails@635eaaf1] output={null}]]]>
              </value>
            </param>
          </params>
          <reporter-output>
          </reporter-output>
        </test-method> <!-- tearDown -->
        <test-method signature="checkFunctionalyInputBoxes()[pri:9, instance:com.atmecs.testScripts.TravellersDetails@635eaaf1]" started-at="2019-09-20T09:50:21Z" name="checkFunctionalyInputBoxes" finished-at="2019-09-20T09:50:27Z" duration-ms="6174" status="PASS">
          <reporter-output>
          </reporter-output>
        </test-method> <!-- checkFunctionalyInputBoxes -->
        <test-method is-config="true" signature="tearDown(org.testng.ITestResult)[pri:0, instance:com.atmecs.testScripts.TravellersDetails@635eaaf1]" started-at="2019-09-20T09:50:27Z" name="tearDown" finished-at="2019-09-20T09:50:27Z" duration-ms="1" status="PASS">
          <params>
            <param index="0">
              <value>
                <![CDATA[[TestResult name=checkFunctionalyInputBoxes status=SUCCESS method=TravellersDetails.checkFunctionalyInputBoxes()[pri:9, instance:com.atmecs.testScripts.TravellersDetails@635eaaf1] output={null}]]]>
              </value>
            </param>
          </params>
          <reporter-output>
          </reporter-output>
        </test-method> <!-- tearDown -->
        <test-method signature="setPassengersData(java.lang.String, java.lang.String, java.lang.String, java.lang.String, java.lang.String, java.lang.String)[pri:10, instance:com.atmecs.testScripts.TravellersDetails@635eaaf1]" started-at="2019-09-20T09:50:27Z" name="setPassengersData" data-provider="testinput" finished-at="2019-09-20T09:50:46Z" duration-ms="19004" status="PASS">
          <params>
            <param index="0">
              <value>
                <![CDATA[saurabh]]>
              </value>
            </param>
            <param index="1">
              <value>
                <![CDATA[chauhan]]>
              </value>
            </param>
            <param index="2">
              <value>
                <![CDATA[arjun]]>
              </value>
            </param>
            <param index="3">
              <value>
                <![CDATA[santra]]>
              </value>
            </param>
            <param index="4">
              <value>
                <![CDATA[9179149897]]>
              </value>
            </param>
            <param index="5">
              <value>
                <![CDATA[chauhaninfj@gmail.com]]>
              </value>
            </param>
          </params>
          <reporter-output>
          </reporter-output>
        </test-method> <!-- setPassengersData -->
        <test-method is-config="true" signature="tearDown(org.testng.ITestResult)[pri:0, instance:com.atmecs.testScripts.TravellersDetails@635eaaf1]" started-at="2019-09-20T09:50:46Z" name="tearDown" finished-at="2019-09-20T09:50:46Z" duration-ms="1" status="PASS">
          <params>
            <param index="0">
              <value>
                <![CDATA[[TestResult name=setPassengersData status=SUCCESS method=TravellersDetails.setPassengersData(java.lang.String, java.lang.String, java.lang.String, java.lang.String, java.lang.String, java.lang.String)[pri:10, instance:com.atmecs.testScripts.TravellersDetails@635eaaf1] output={null}]]]>
              </value>
            </param>
          </params>
          <reporter-output>
          </reporter-output>
        </test-method> <!-- tearDown -->
        <test-method is-config="true" signature="print()[pri:0, instance:com.atmecs.testScripts.TravellersDetails@635eaaf1]" started-at="2019-09-20T09:50:46Z" name="print" finished-at="2019-09-20T09:50:50Z" duration-ms="4168" status="PASS">
          <reporter-output>
          </reporter-output>
        </test-method> <!-- print -->
        <test-method is-config="true" signature="endReport()[pri:0, instance:com.atmecs.testScripts.TravellersDetails@635eaaf1]" started-at="2019-09-20T09:50:50Z" name="endReport" finished-at="2019-09-20T09:50:51Z" duration-ms="1006" status="PASS">
          <reporter-output>
          </reporter-output>
        </test-method> <!-- endReport -->
      </class> <!-- com.atmecs.testScripts.TravellersDetails -->
    </test> <!-- PassengersTest -->
  </suite> <!-- Suite -->
</testng-results>
